============================= test session starts =============================
platform win32 -- Python 3.12.9, pytest-8.3.2, pluggy-1.6.0
django: version: 5.2.5, settings: cc.settings (from ini)
rootdir: C:\Users\CHRIS PAUL MWALE\PycharmProjects\circuitcity_clean
configfile: pytest.ini
plugins: Faker-26.0.0, cov-5.0.0, django-4.8.0
collected 49 items

tests\test_marketplace_home.py ......................................... [ 83%]
........                                                                 [100%]

============================= 49 passed in 42.43s =============================
